2025-07-18 12:18:54,296 DEBUG    root            Loaded Command Group: ['gcloud', 'config']
2025-07-18 12:18:54,301 DEBUG    root            Loaded Command Group: ['gcloud', 'config', 'config_helper']
2025-07-18 12:18:54,303 DEBUG    root            Running [gcloud.config.config-helper] with arguments: [--format: "json", --min-expiry: "1800"]
2025-07-18 12:18:54,323 DEBUG    root            Chosen display Format:default json
2025-07-18 12:18:54,324 INFO     root            Display format: "default json"
2025-07-18 12:18:54,373 INFO     ___FILE_ONLY___ {
  "configuration": {
    "active_configuration": "default",
    "properties": {
      "compute": {
        "region": "us-central1"
      },
      "core": {
        "account": "414391378798-compute@developer.gserviceaccount.com",
        "disable_usage_reporting": "True",
        "project": "amiable-dreamer-461212-u2"
      },
      "dataproc": {
        "region": "us-central1"
      }
    }
  },
  "credential": {
    "access_token": "ya29.c.c0ASRK0GYTOMbF9mk8xN1e_sxgPz2N-bHs5hR_QhBbb4UN3SD1EmyyyMjhd875WmGmEh0hvIaiiYl9n9WgIBlYvWLHBjjl-YnOPjnAno1Huw-OQpxc5A3oCQJLSs99F-pGT1DmlXAWCpEZ_Wun64w7glABg1iNoOGLbv_NByxogSa8PCg0bVpGh2nLwDQZuiMfCpbod0t8ixdPiqedL-QocEkNvzkPD6cId6D7XJA6thyH33EpqcgidzFJEaeGKv9M7KgZhEKSqa1eW143EnH12sulN_pWEv5vxoZo5rlRmcUTiNFEkmmdOuSocZcoB5XeL6F-wX1mearuuCjrMzBH9ReCAl-oDcPpWXXC2IUEv6Xy0fMaBnIgKwRNpSf4RZB86PjZZiY-waS0gWYNtSzVZgG415CtaWO47RdRnWYlpIaf7wfzY7cglcwIeWy1x1bOdbIoxdzhx2wqVh6pvZoonr3XOuMo7d1Y9zkxcv3rUbmjbIWwXoStB0Bze4jVlbS63s1eb21Zyx2oXnUOb6Iurd3dvfbbsvz22qb30iBtVjhnvgqVBaBZzyjwYdSnVxXhQO6zq43hvJIX5mfQoshM9_3bmZwFmnu4i9hgX_2srW6yBtzl_1zpg-y12plfzIQQoS80k6iFJx264pB1Xe-M57I4ukMU9wlaSgwwYJm0-hj1_gUMp02FBvYVU51qn4XoB1hw-2iySbxOzoa3_JopS7-jpFUWI7cebcxk6WxuvmzqjiFQsvv729B9m8jU7UI_3uBupmX68dXYg_SB8sUMkWlh77jQd35iWRu_Mqid1Qse-lOequhh_R0y2ltSimBaba0Ff4Bj2kxVpQcwxzkVl9elF8J3h81khOgU6Vrz1hMIrzjWoSaJ00gW9Mtvh2-1U3s7_O6QR80MRXJ6mlv802v5rRV0uWIadJeWot4ombc6k4uzic-c0cja2MoOXQzyB9U064rfdO7mq54OqlBXSkI1jyXhd1qQQ64jZRQQniacy-s5Bqs_kp5",
    "id_token": "eyJhbGciOiJSUzI1NiIsImtpZCI6ImYxMDMzODYwNzE2ZTNhMmFhYjM4MGYwMGRiZTM5YTcxMTQ4NDZiYTEiLCJ0eXAiOiJKV1QifQ.eyJhdWQiOiIzMjU1NTk0MDU1OS5hcHBzLmdvb2dsZXVzZXJjb250ZW50LmNvbSIsImF6cCI6IjEwOTM5OTU3MTgzOTA4MTY0NjE5MCIsImV4cCI6MTc1Mjg0NDcwOSwiaWF0IjoxNzUyODQxMTA5LCJpc3MiOiJodHRwczovL2FjY291bnRzLmdvb2dsZS5jb20iLCJzdWIiOiIxMDkzOTk1NzE4MzkwODE2NDYxOTAifQ.c-Y7dZbtFLsexiDkO4unX1GP7ZgP6_KU-5zhUzrMtVcTux_WLoPVNT4Xk_jxPdvrkPNOjnUvDpgNjFhnUDS_dcFDNpbaKxrbj6wnamt3HVFXNU09o70VJdZewYHV89hUw-kds1WCA4HxdDLs9PQPip_m19n8DSWMCldj1eIG3mT898LDr3Nhc2bbW0YJxVemgg8Bqel93Fz0ZqiNMJqhdVTB1-mJmKgjNL9wivWePV6a2Dewxq7FUBFE56YZ0pNWKynJ1H3ksYQDutDl5HTUJOvZ-Qf6rudR0IxBHnowfm4EejZpkbkGq1T6lHzF1SABguq6ARrNwwSkFKOMyAL6hA",
    "token_expiry": "2025-07-18T13:18:28Z"
  },
  "sentinels": {
    "config_sentinel": "/home/jupyter/.config/gcloud/config_sentinel"
  }
}
2025-07-18 12:18:54,374 INFO     ___FILE_ONLY___ 

2025-07-18 12:18:54,374 DEBUG    root            SDK update checks are disabled.
